# JRE version: OpenJDK Runtime Environment (8.0_152-b02) (build 1.8.0_152-release-1024-b02)
# Java VM: OpenJDK 64-Bit Server VM (25.152-b02 mixed mode windows-amd64 compressed oops)
Heap:
 PSYoungGen      total 455168K, used 230206K [0x00000000e0000000, 0x00000000fe200000, 0x0000000100000000)
  eden space 436224K, 49% used [0x00000000e0000000,0x00000000ed20b1a0,0x00000000faa00000)
  from space 18944K, 79% used [0x00000000fcf80000,0x00000000fde44740,0x00000000fe200000)
  to   space 28672K, 0% used [0x00000000faa00000,0x00000000faa00000,0x00000000fc600000)
 ParOldGen       total 124928K, used 91683K [0x00000000a0000000, 0x00000000a7a00000, 0x00000000e0000000)
  object space 124928K, 73% used [0x00000000a0000000,0x00000000a5988f98,0x00000000a7a00000)
 Metaspace       used 91452K, capacity 95860K, committed 95960K, reserved 1132544K
  class space    used 11567K, capacity 12479K, committed 12544K, reserved 1048576K
GC Heap History (10 events):
Event: 4832.309 GC heap before
{Heap before GC invocations=23 (full 3):
 PSYoungGen      total 303616K, used 282176K [0x00000000e0000000, 0x00000000f7280000, 0x0000000100000000)
  eden space 269312K, 100% used [0x00000000e0000000,0x00000000f0700000,0x00000000f0700000)
  from space 34304K, 37% used [0x00000000f0700000,0x00000000f13901d0,0x00000000f2880000)
  to   space 32768K, 0% used [0x00000000f5280000,0x00000000f5280000,0x00000000f7280000)
 ParOldGen       total 124928K, used 88875K [0x00000000a0000000, 0x00000000a7a00000, 0x00000000e0000000)
  object space 124928K, 71% used [0x00000000a0000000,0x00000000a56caf18,0x00000000a7a00000)
 Metaspace       used 90065K, capacity 94308K, committed 94552K, reserved 1132544K
  class space    used 11491K, capacity 12397K, committed 12416K, reserved 1048576K
Event: 4832.323 GC heap after
Heap after GC invocations=23 (full 3):
 PSYoungGen      total 347648K, used 13145K [0x00000000e0000000, 0x00000000f7500000, 0x0000000100000000)
  eden space 314880K, 0% used [0x00000000e0000000,0x00000000e0000000,0x00000000f3380000)
  from space 32768K, 40% used [0x00000000f5280000,0x00000000f5f56600,0x00000000f7280000)
  to   space 31744K, 0% used [0x00000000f3380000,0x00000000f3380000,0x00000000f5280000)
 ParOldGen       total 124928K, used 88875K [0x00000000a0000000, 0x00000000a7a00000, 0x00000000e0000000)
  object space 124928K, 71% used [0x00000000a0000000,0x00000000a56caf18,0x00000000a7a00000)
 Metaspace       used 90065K, capacity 94308K, committed 94552K, reserved 1132544K
  class space    used 11491K, capacity 12397K, committed 12416K, reserved 1048576K
}
Event: 4832.875 GC heap before
{Heap before GC invocations=24 (full 3):
 PSYoungGen      total 347648K, used 328025K [0x00000000e0000000, 0x00000000f7500000, 0x0000000100000000)
  eden space 314880K, 100% used [0x00000000e0000000,0x00000000f3380000,0x00000000f3380000)
  from space 32768K, 40% used [0x00000000f5280000,0x00000000f5f56600,0x00000000f7280000)
  to   space 31744K, 0% used [0x00000000f3380000,0x00000000f3380000,0x00000000f5280000)
 ParOldGen       total 124928K, used 88875K [0x00000000a0000000, 0x00000000a7a00000, 0x00000000e0000000)
  object space 124928K, 71% used [0x00000000a0000000,0x00000000a56caf18,0x00000000a7a00000)
 Metaspace       used 90355K, capacity 94600K, committed 94808K, reserved 1132544K
  class space    used 11491K, capacity 12397K, committed 12416K, reserved 1048576K
Event: 4832.885 GC heap after
Heap after GC invocations=24 (full 3):
 PSYoungGen      total 346624K, used 11166K [0x00000000e0000000, 0x00000000fa580000, 0x0000000100000000)
  eden space 314880K, 0% used [0x00000000e0000000,0x00000000e0000000,0x00000000f3380000)
  from space 31744K, 35% used [0x00000000f3380000,0x00000000f3e67940,0x00000000f5280000)
  to   space 30720K, 0% used [0x00000000f8780000,0x00000000f8780000,0x00000000fa580000)
 ParOldGen       total 124928K, used 88883K [0x00000000a0000000, 0x00000000a7a00000, 0x00000000e0000000)
  object space 124928K, 71% used [0x00000000a0000000,0x00000000a56ccf18,0x00000000a7a00000)
 Metaspace       used 90355K, capacity 94600K, committed 94808K, reserved 1132544K
  class space    used 11491K, capacity 12397K, committed 12416K, reserved 1048576K
}
Event: 4833.278 GC heap before
{Heap before GC invocations=25 (full 3):
 PSYoungGen      total 346624K, used 326046K [0x00000000e0000000, 0x00000000fa580000, 0x0000000100000000)
  eden space 314880K, 100% used [0x00000000e0000000,0x00000000f3380000,0x00000000f3380000)
  from space 31744K, 35% used [0x00000000f3380000,0x00000000f3e67940,0x00000000f5280000)
  to   space 30720K, 0% used [0x00000000f8780000,0x00000000f8780000,0x00000000fa580000)
 ParOldGen       total 124928K, used 88883K [0x00000000a0000000, 0x00000000a7a00000, 0x00000000e0000000)
  object space 124928K, 71% used [0x00000000a0000000,0x00000000a56ccf18,0x00000000a7a00000)
 Metaspace       used 90462K, capacity 94750K, committed 94808K, reserved 1132544K
  class space    used 11492K, capacity 12398K, committed 12416K, reserved 1048576K
Event: 4833.299 GC heap after
Heap after GC invocations=25 (full 3):
 PSYoungGen      total 400896K, used 19772K [0x00000000e0000000, 0x00000000fae80000, 0x0000000100000000)
  eden space 370176K, 0% used [0x00000000e0000000,0x00000000e0000000,0x00000000f6980000)
  from space 30720K, 64% used [0x00000000f8780000,0x00000000f9acf048,0x00000000fa580000)
  to   space 30720K, 0% used [0x00000000f6980000,0x00000000f6980000,0x00000000f8780000)
 ParOldGen       total 124928K, used 88891K [0x00000000a0000000, 0x00000000a7a00000, 0x00000000e0000000)
  object space 124928K, 71% used [0x00000000a0000000,0x00000000a56cef18,0x00000000a7a00000)
 Metaspace       used 90462K, capacity 94750K, committed 94808K, reserved 1132544K
  class space    used 11492K, capacity 12398K, committed 12416K, reserved 1048576K
}
Event: 4833.819 GC heap before
{Heap before GC invocations=26 (full 3):
 PSYoungGen      total 400896K, used 389948K [0x00000000e0000000, 0x00000000fae80000, 0x0000000100000000)
  eden space 370176K, 100% used [0x00000000e0000000,0x00000000f6980000,0x00000000f6980000)
  from space 30720K, 64% used [0x00000000f8780000,0x00000000f9acf048,0x00000000fa580000)
  to   space 30720K, 0% used [0x00000000f6980000,0x00000000f6980000,0x00000000f8780000)
 ParOldGen       total 124928K, used 88891K [0x00000000a0000000, 0x00000000a7a00000, 0x00000000e0000000)
  object space 124928K, 71% used [0x00000000a0000000,0x00000000a56cef18,0x00000000a7a00000)
 Metaspace       used 90622K, capacity 94894K, committed 95064K, reserved 1132544K
  class space    used 11495K, capacity 12400K, committed 12416K, reserved 1048576K
Event: 4833.833 GC heap after
Heap after GC invocations=26 (full 3):
 PSYoungGen      total 400896K, used 10084K [0x00000000e0000000, 0x00000000fed00000, 0x0000000100000000)
  eden space 370176K, 0% used [0x00000000e0000000,0x00000000e0000000,0x00000000f6980000)
  from space 30720K, 32% used [0x00000000f6980000,0x00000000f7359078,0x00000000f8780000)
  to   space 30208K, 0% used [0x00000000fcf80000,0x00000000fcf80000,0x00000000fed00000)
 ParOldGen       total 124928K, used 91203K [0x00000000a0000000, 0x00000000a7a00000, 0x00000000e0000000)
  object space 124928K, 73% used [0x00000000a0000000,0x00000000a5910f78,0x00000000a7a00000)
 Metaspace       used 90622K, capacity 94894K, committed 95064K, reserved 1132544K
  class space    used 11495K, capacity 12400K, committed 12416K, reserved 1048576K
}
Event: 4835.962 GC heap before
{Heap before GC invocations=27 (full 3):
 PSYoungGen      total 400896K, used 380260K [0x00000000e0000000, 0x00000000fed00000, 0x0000000100000000)
  eden space 370176K, 100% used [0x00000000e0000000,0x00000000f6980000,0x00000000f6980000)
  from space 30720K, 32% used [0x00000000f6980000,0x00000000f7359078,0x00000000f8780000)
  to   space 30208K, 0% used [0x00000000fcf80000,0x00000000fcf80000,0x00000000fed00000)
 ParOldGen       total 124928K, used 91203K [0x00000000a0000000, 0x00000000a7a00000, 0x00000000e0000000)
  object space 124928K, 73% used [0x00000000a0000000,0x00000000a5910f78,0x00000000a7a00000)
 Metaspace       used 91009K, capacity 95290K, committed 95320K, reserved 1132544K
  class space    used 11526K, capacity 12414K, committed 12416K, reserved 1048576K
Event: 4835.974 GC heap after
Heap after GC invocations=27 (full 3):
 PSYoungGen      total 455168K, used 15121K [0x00000000e0000000, 0x00000000fe200000, 0x0000000100000000)
  eden space 436224K, 0% used [0x00000000e0000000,0x00000000e0000000,0x00000000faa00000)
  from space 18944K, 79% used [0x00000000fcf80000,0x00000000fde44740,0x00000000fe200000)
  to   space 28672K, 0% used [0x00000000faa00000,0x00000000faa00000,0x00000000fc600000)
 ParOldGen       total 124928K, used 91683K [0x00000000a0000000, 0x00000000a7a00000, 0x00000000e0000000)
  object space 124928K, 73% used [0x00000000a0000000,0x00000000a5988f98,0x00000000a7a00000)
 Metaspace       used 91009K, capacity 95290K, committed 95320K, reserved 1132544K
  class space    used 11526K, capacity 12414K, committed 12416K, reserved 1048576K
}

